<?xml version="1.0" encoding="UTF-8"?>
<!-- Generated by org.testng.reporters.JUnitXMLReporter -->
<testsuite ignored="0" hostname="DESKTOP-3R0P461" failures="1" tests="1" name="Test" time="0.172" errors="0" timestamp="2023-10-03T13:30:08 IST">
  <testcase classname="com.qascript.FirstTest" name="OpenBrowser" time="0.119">
    <failure type="java.lang.IllegalStateException" message="The driver executable must exist: C:\usr\bin\google-chrome">
      <![CDATA[java.lang.IllegalStateException: The driver executable must exist: C:\usr\bin\google-chrome
at org.openqa.selenium.internal.Require$FileStateChecker.isFile(Require.java:345)
at org.openqa.selenium.remote.service.DriverFinder.getPath(DriverFinder.java:39)
at org.openqa.selenium.chrome.ChromeDriver.generateExecutor(ChromeDriver.java:98)
at org.openqa.selenium.chrome.ChromeDriver.<init>(ChromeDriver.java:88)
at org.openqa.selenium.chrome.ChromeDriver.<init>(ChromeDriver.java:84)
at org.openqa.selenium.chrome.ChromeDriver.<init>(ChromeDriver.java:73)
at com.qascript.FirstTest.OpenBrowser(FirstTest.java:20)
at java.base/java.util.ArrayList.forEach(ArrayList.java:1511)
... Removed 27 stack frames]]>
    </failure>
  </testcase> <!-- OpenBrowser -->
</testsuite> <!-- Test -->
